[debug] [2023-09-06T11:42:55.387Z] ----------------------------------------------------------------------
[debug] [2023-09-06T11:42:55.394Z] Command:       C:\Program Files\nodejs\node.exe C:\Users\user\AppData\Roaming\npm\node_modules\firebase-tools\lib\bin\firebase.js init
[debug] [2023-09-06T11:42:55.396Z] CLI Version:   12.5.2
[debug] [2023-09-06T11:42:55.396Z] Platform:      win32
[debug] [2023-09-06T11:42:55.397Z] Node Version:  v18.16.0
[debug] [2023-09-06T11:42:55.417Z] Time:          Wed Sep 06 2023 12:42:55 GMT+0100 (British Summer Time)
[debug] [2023-09-06T11:42:55.418Z] ----------------------------------------------------------------------
[debug] 
[debug] [2023-09-06T11:42:55.932Z] > command requires scopes: ["email","openid","https://www.googleapis.com/auth/cloudplatformprojects.readonly","https://www.googleapis.com/auth/firebase","https://www.googleapis.com/auth/cloud-platform"]
[debug] [2023-09-06T11:42:55.935Z] > authorizing via signed-in user (bryk.defi@gmail.com)
[info] 
     ######## #### ########  ######## ########     ###     ######  ########
     ##        ##  ##     ## ##       ##     ##  ##   ##  ##       ##
     ######    ##  ########  ######   ########  #########  ######  ######
     ##        ##  ##    ##  ##       ##     ## ##     ##       ## ##
     ##       #### ##     ## ######## ########  ##     ##  ######  ########

You're about to initialize a Firebase project in this directory:

  C:\Users\user\Desktop\Projects 2023\React Projects\todo

Before we get started, keep in mind:

  * You are initializing within an existing Firebase project directory

